0 info it worked if it ends with ok
1 verbose cli [ '/home/Kirill/.nvm/versions/node/v0.12.18/bin/node',
1 verbose cli   '/home/Kirill/.nvm/versions/node/v0.12.18/bin/npm',
1 verbose cli   'login' ]
2 info using npm@2.15.11
3 info using node@v0.12.18
4 verbose adduser before first PUT { _id: 'org.couchdb.user:kirill89',
4 verbose adduser   name: 'kirill89',
4 verbose adduser   password: 'XXXXX',
4 verbose adduser   email: 'kirill89@gmail.com',
4 verbose adduser   type: 'user',
4 verbose adduser   roles: [],
4 verbose adduser   date: '2018-03-07T12:12:42.393Z' }
5 verbose request uri https://registry.npmjs.org/-/user/org.couchdb.user:kirill89
6 verbose request new user, so can't send auth
7 info attempt registry request try #1 at 2:12:42 PM
8 verbose request id 79db6b6d4c74a423
9 http request PUT https://registry.npmjs.org/-/user/org.couchdb.user:kirill89
10 http 401 https://registry.npmjs.org/-/user/org.couchdb.user:kirill89
11 verbose headers { 'www-authenticate': 'Basic',
11 verbose headers   'content-type': 'application/json',
11 verbose headers   'cache-control': 'max-age=300',
11 verbose headers   'content-length': '46',
11 verbose headers   'accept-ranges': 'bytes',
11 verbose headers   date: 'Wed, 07 Mar 2018 12:12:44 GMT',
11 verbose headers   via: '1.1 varnish',
11 verbose headers   connection: 'keep-alive',
11 verbose headers   'x-served-by': 'cache-lhr6325-LHR',
11 verbose headers   'x-cache': 'MISS',
11 verbose headers   'x-cache-hits': '0',
11 verbose headers   'x-timer': 'S1520424763.784390,VS0,VE1485',
11 verbose headers   vary: 'Accept-Encoding, Accept' }
12 verbose request invalidating /home/Kirill/.npm/registry.npmjs.org/-/user/org.couchdb.user_3Akirill89 on PUT
13 verbose adduser back [ { [Error: Registry returned 401 for PUT on https://registry.npmjs.org/-/user/org.couchdb.user:kirill89] statusCode: 401, code: 'E401' },
13 verbose adduser   { ok: false, id: 'org.couchdb.user:undefined' },
13 verbose adduser   '{"ok":false,"id":"org.couchdb.user:undefined"}' ]
14 warn adduser Incorrect username or password
14 warn adduser You can reset your account by visiting:
14 warn adduser
14 warn adduser     https://npmjs.org/forgot
15 verbose stack Error: Registry returned 401 for PUT on https://registry.npmjs.org/-/user/org.couchdb.user:kirill89
15 verbose stack     at makeError (/home/Kirill/.nvm/versions/node/v0.12.18/lib/node_modules/npm/node_modules/npm-registry-client/lib/request.js:302:12)
15 verbose stack     at CachingRegistryClient.<anonymous> (/home/Kirill/.nvm/versions/node/v0.12.18/lib/node_modules/npm/node_modules/npm-registry-client/lib/request.js:280:14)
15 verbose stack     at Request._callback (/home/Kirill/.nvm/versions/node/v0.12.18/lib/node_modules/npm/node_modules/npm-registry-client/lib/request.js:210:14)
15 verbose stack     at Request.self.callback (/home/Kirill/.nvm/versions/node/v0.12.18/lib/node_modules/npm/node_modules/request/request.js:187:22)
15 verbose stack     at Request.emit (events.js:110:17)
15 verbose stack     at Request.<anonymous> (/home/Kirill/.nvm/versions/node/v0.12.18/lib/node_modules/npm/node_modules/request/request.js:1044:10)
15 verbose stack     at Request.emit (events.js:107:17)
15 verbose stack     at IncomingMessage.<anonymous> (/home/Kirill/.nvm/versions/node/v0.12.18/lib/node_modules/npm/node_modules/request/request.js:965:12)
15 verbose stack     at IncomingMessage.emit (events.js:129:20)
15 verbose stack     at _stream_readable.js:908:16
16 verbose statusCode 401
17 verbose cwd /home/Kirill/Work/kache
18 error Linux 3.19.0-32-generic
19 error argv "/home/Kirill/.nvm/versions/node/v0.12.18/bin/node" "/home/Kirill/.nvm/versions/node/v0.12.18/bin/npm" "login"
20 error node v0.12.18
21 error npm  v2.15.11
22 error code E401
23 error Registry returned 401 for PUT on https://registry.npmjs.org/-/user/org.couchdb.user:kirill89
24 error If you need help, you may report this error at:
24 error     <https://github.com/npm/npm/issues>
25 verbose exit [ 1, true ]
